Build started 2/2/2017 6:23:17 PM.
     1>Project "B:\c++\regularExpression\regularExpression\regularExpression.vcxproj" on node 2 (Build target(s)).
     1>ClCompile:
         C:\Program Files (x86)\Microsoft Visual Studio 12.0\VC\bin\CL.exe /c /ZI /nologo /W3 /WX- /sdl /Od /Oy- /D WIN32 /D _DEBUG /D _CONSOLE /D _LIB /D _UNICODE /D UNICODE /D _CRT_SECURE_NO_WARNINGS /Gm /EHsc /RTC1 /MDd /GS /fp:precise /Zc:wchar_t /Zc:forScope /Fo"Debug\\" /Fd"Debug\vc120.pdb" /Gd /TP /analyze- /errorReport:prompt coordinatingTheSequenceOfTheFunctionsForRegularExpressions.cpp validatingAndConvertingTheRegularExpression.cpp
         validatingAndConvertingTheRegularExpression.cpp
         coordinatingTheSequenceOfTheFunctionsForRegularExpressions.cpp
     1>b:\c++\regularexpression\regularexpression\coordinatingthesequenceofthefunctionsforregularexpressions.cpp(135): warning C4101: 'except' : unreferenced local variable
         Generating Code...
       Link:
         C:\Program Files (x86)\Microsoft Visual Studio 12.0\VC\bin\link.exe /ERRORREPORT:PROMPT /OUT:"B:\c++\regularExpression\Debug\regularExpression.exe" /INCREMENTAL /NOLOGO kernel32.lib user32.lib gdi32.lib winspool.lib comdlg32.lib advapi32.lib shell32.lib ole32.lib oleaut32.lib uuid.lib odbc32.lib odbccp32.lib /MANIFEST /MANIFESTUAC:"level='asInvoker' uiAccess='false'" /manifest:embed /DEBUG /PDB:"B:\c++\regularExpression\Debug\regularExpression.pdb" /SUBSYSTEM:CONSOLE /TLBID:1 /DYNAMICBASE /NXCOMPAT /IMPLIB:"B:\c++\regularExpression\Debug\regularExpression.lib" /MACHINE:X86 Debug\coordinatingTheSequenceOfTheFunctionsForRegularExpressions.obj
         Debug\deterministicAutomaton.obj
         Debug\main.obj
         Debug\Operation.obj
         Debug\operationOrSimpleRegularExpression.obj
         Debug\scanningFilesAndDirectories.obj
         Debug\setRealization.obj
         Debug\specialConstants.obj
         Debug\stdafx.obj
         Debug\stringRealization.obj
         Debug\tests.obj
         Debug\validatingAndConvertingTheRegularExpression.obj
         regularExpression.vcxproj -> B:\c++\regularExpression\Debug\regularExpression.exe
     1>Done Building Project "B:\c++\regularExpression\regularExpression\regularExpression.vcxproj" (Build target(s)).

Build succeeded.

Time Elapsed 00:00:01.82
